1688633890.171126 client started (27089): version 3.2a, socket /tmp/tmux-1000/default, protocol 8
1688633890.171147 on Linux 5.19.0-1025-aws #26~22.04.1-Ubuntu SMP Mon Apr 24 01:58:15 UTC 2023
1688633890.171152 using libevent 2.1.12-stable (poll); ncurses 6.3
1688633890.171169 flags are 0x10010000
1688633890.171173 socket is /tmp/tmux-1000/default
1688633890.171185 trying connect
1688633890.171372 add peer 0x564b2a7db230: 6 ((nil))
1688633890.171594 sending message 100 to peer 0x564b2a7db230 (4 bytes)
1688633890.171603 sending message 111 to peer 0x564b2a7db230 (8 bytes)
1688633890.171607 sending message 101 to peer 0x564b2a7db230 (7 bytes)
1688633890.171611 sending message 109 to peer 0x564b2a7db230 (4 bytes)
1688633890.171615 sending message 102 to peer 0x564b2a7db230 (11 bytes)
1688633890.171619 sending message 108 to peer 0x564b2a7db230 (41 bytes)
1688633890.171623 sending message 112 to peer 0x564b2a7db230 (70 bytes)
1688633890.171627 sending message 112 to peer 0x564b2a7db230 (5 bytes)
1688633890.171631 sending message 112 to peer 0x564b2a7db230 (5 bytes)
1688633890.171635 sending message 112 to peer 0x564b2a7db230 (6 bytes)
1688633890.171639 sending message 112 to peer 0x564b2a7db230 (6 bytes)
1688633890.171643 sending message 112 to peer 0x564b2a7db230 (11 bytes)
1688633890.171647 sending message 112 to peer 0x564b2a7db230 (10 bytes)
1688633890.171650 sending message 112 to peer 0x564b2a7db230 (13 bytes)
1688633890.171654 sending message 112 to peer 0x564b2a7db230 (13 bytes)
1688633890.171658 sending message 112 to peer 0x564b2a7db230 (18 bytes)
1688633890.171662 sending message 112 to peer 0x564b2a7db230 (9 bytes)
1688633890.171666 sending message 112 to peer 0x564b2a7db230 (21 bytes)
1688633890.171670 sending message 112 to peer 0x564b2a7db230 (13 bytes)
1688633890.171674 sending message 112 to peer 0x564b2a7db230 (7 bytes)
1688633890.171678 sending message 112 to peer 0x564b2a7db230 (13 bytes)
1688633890.171682 sending message 112 to peer 0x564b2a7db230 (7 bytes)
1688633890.171685 sending message 112 to peer 0x564b2a7db230 (13 bytes)
1688633890.171689 sending message 112 to peer 0x564b2a7db230 (9 bytes)
1688633890.171693 sending message 112 to peer 0x564b2a7db230 (21 bytes)
1688633890.171697 sending message 112 to peer 0x564b2a7db230 (13 bytes)
1688633890.171701 sending message 112 to peer 0x564b2a7db230 (8 bytes)
1688633890.171705 sending message 112 to peer 0x564b2a7db230 (12 bytes)
1688633890.171709 sending message 112 to peer 0x564b2a7db230 (13 bytes)
1688633890.171713 sending message 112 to peer 0x564b2a7db230 (9 bytes)
1688633890.171716 sending message 112 to peer 0x564b2a7db230 (9 bytes)
1688633890.171720 sending message 112 to peer 0x564b2a7db230 (12 bytes)
1688633890.171724 sending message 112 to peer 0x564b2a7db230 (8 bytes)
1688633890.171728 sending message 112 to peer 0x564b2a7db230 (7 bytes)
1688633890.171732 sending message 112 to peer 0x564b2a7db230 (7 bytes)
1688633890.171736 sending message 112 to peer 0x564b2a7db230 (9 bytes)
1688633890.171739 sending message 112 to peer 0x564b2a7db230 (13 bytes)
1688633890.171743 sending message 112 to peer 0x564b2a7db230 (9 bytes)
1688633890.171747 sending message 112 to peer 0x564b2a7db230 (15 bytes)
1688633890.171751 sending message 112 to peer 0x564b2a7db230 (13 bytes)
1688633890.171755 sending message 112 to peer 0x564b2a7db230 (12 bytes)
1688633890.171759 sending message 112 to peer 0x564b2a7db230 (8 bytes)
1688633890.171762 sending message 112 to peer 0x564b2a7db230 (14 bytes)
1688633890.171766 sending message 112 to peer 0x564b2a7db230 (9 bytes)
1688633890.171770 sending message 112 to peer 0x564b2a7db230 (10 bytes)
1688633890.171774 sending message 112 to peer 0x564b2a7db230 (10 bytes)
1688633890.171778 sending message 112 to peer 0x564b2a7db230 (10 bytes)
1688633890.171781 sending message 112 to peer 0x564b2a7db230 (10 bytes)
1688633890.171785 sending message 112 to peer 0x564b2a7db230 (11 bytes)
1688633890.171789 sending message 112 to peer 0x564b2a7db230 (10 bytes)
1688633890.171793 sending message 112 to peer 0x564b2a7db230 (8 bytes)
1688633890.171797 sending message 112 to peer 0x564b2a7db230 (11 bytes)
1688633890.171809 sending message 112 to peer 0x564b2a7db230 (11 bytes)
1688633890.171813 sending message 112 to peer 0x564b2a7db230 (11 bytes)
1688633890.171817 sending message 112 to peer 0x564b2a7db230 (8 bytes)
1688633890.171821 sending message 112 to peer 0x564b2a7db230 (8 bytes)
1688633890.171824 sending message 112 to peer 0x564b2a7db230 (8 bytes)
1688633890.171828 sending message 112 to peer 0x564b2a7db230 (10 bytes)
1688633890.171832 sending message 112 to peer 0x564b2a7db230 (10 bytes)
1688633890.171836 sending message 112 to peer 0x564b2a7db230 (10 bytes)
1688633890.171840 sending message 112 to peer 0x564b2a7db230 (10 bytes)
1688633890.171844 sending message 112 to peer 0x564b2a7db230 (10 bytes)
1688633890.171848 sending message 112 to peer 0x564b2a7db230 (11 bytes)
1688633890.171851 sending message 112 to peer 0x564b2a7db230 (11 bytes)
1688633890.171855 sending message 112 to peer 0x564b2a7db230 (10 bytes)
1688633890.171859 sending message 112 to peer 0x564b2a7db230 (9 bytes)
1688633890.171863 sending message 112 to peer 0x564b2a7db230 (9 bytes)
1688633890.171867 sending message 112 to peer 0x564b2a7db230 (12 bytes)
1688633890.171871 sending message 112 to peer 0x564b2a7db230 (9 bytes)
1688633890.171875 sending message 112 to peer 0x564b2a7db230 (6 bytes)
1688633890.171879 sending message 112 to peer 0x564b2a7db230 (8 bytes)
1688633890.171883 sending message 112 to peer 0x564b2a7db230 (15 bytes)
1688633890.171887 sending message 112 to peer 0x564b2a7db230 (13 bytes)
1688633890.171891 sending message 112 to peer 0x564b2a7db230 (16 bytes)
1688633890.171895 sending message 112 to peer 0x564b2a7db230 (16 bytes)
1688633890.171898 sending message 112 to peer 0x564b2a7db230 (10 bytes)
1688633890.171902 sending message 112 to peer 0x564b2a7db230 (8 bytes)
1688633890.171906 sending message 112 to peer 0x564b2a7db230 (15 bytes)
1688633890.171910 sending message 112 to peer 0x564b2a7db230 (13 bytes)
1688633890.171914 sending message 112 to peer 0x564b2a7db230 (10 bytes)
1688633890.171918 sending message 112 to peer 0x564b2a7db230 (10 bytes)
1688633890.171921 sending message 112 to peer 0x564b2a7db230 (5 bytes)
1688633890.171925 sending message 112 to peer 0x564b2a7db230 (15 bytes)
1688633890.171930 sending message 104 to peer 0x564b2a7db230 (0 bytes)
1688633890.171935 sending message 110 to peer 0x564b2a7db230 (0 bytes)
1688633890.171939 sending message 107 to peer 0x564b2a7db230 (4 bytes)
1688633890.171943 sending message 105 to peer 0x564b2a7db230 (16 bytes)
1688633890.171947 sending message 105 to peer 0x564b2a7db230 (26 bytes)
1688633890.171951 sending message 105 to peer 0x564b2a7db230 (36 bytes)
1688633890.171955 sending message 105 to peer 0x564b2a7db230 (45 bytes)
1688633890.171959 sending message 105 to peer 0x564b2a7db230 (15 bytes)
1688633890.171963 sending message 105 to peer 0x564b2a7db230 (21 bytes)
1688633890.171967 sending message 105 to peer 0x564b2a7db230 (15 bytes)
1688633890.171970 sending message 105 to peer 0x564b2a7db230 (18 bytes)
1688633890.171974 sending message 105 to peer 0x564b2a7db230 (13 bytes)
1688633890.171978 sending message 105 to peer 0x564b2a7db230 (1519 bytes)
1688633890.171991 sending message 105 to peer 0x564b2a7db230 (51 bytes)
1688633890.171996 sending message 105 to peer 0x564b2a7db230 (34 bytes)
1688633890.171999 sending message 105 to peer 0x564b2a7db230 (23 bytes)
1688633890.172003 sending message 105 to peer 0x564b2a7db230 (12 bytes)
1688633890.172007 sending message 105 to peer 0x564b2a7db230 (32 bytes)
1688633890.172011 sending message 105 to peer 0x564b2a7db230 (12 bytes)
1688633890.172015 sending message 105 to peer 0x564b2a7db230 (13 bytes)
1688633890.172032 sending message 105 to peer 0x564b2a7db230 (8 bytes)
1688633890.172036 sending message 105 to peer 0x564b2a7db230 (18 bytes)
1688633890.172039 sending message 105 to peer 0x564b2a7db230 (31 bytes)
1688633890.172043 sending message 105 to peer 0x564b2a7db230 (34 bytes)
1688633890.172047 sending message 105 to peer 0x564b2a7db230 (65 bytes)
1688633890.172051 sending message 105 to peer 0x564b2a7db230 (152 bytes)
1688633890.172060 sending message 105 to peer 0x564b2a7db230 (54 bytes)
1688633890.172064 sending message 105 to peer 0x564b2a7db230 (19 bytes)
1688633890.172068 sending message 105 to peer 0x564b2a7db230 (20 bytes)
1688633890.172072 sending message 105 to peer 0x564b2a7db230 (18 bytes)
1688633890.172075 sending message 105 to peer 0x564b2a7db230 (16 bytes)
1688633890.172079 sending message 106 to peer 0x564b2a7db230 (0 bytes)
1688633890.172085 sending message 200 to peer 0x564b2a7db230 (4 bytes)
1688633890.172088 client loop enter
1688633890.173693 peer 0x564b2a7db230 message 303
1688633890.173700 open write file 2 -
1688633890.173715 sending message 305 to peer 0x564b2a7db230 (8 bytes)
1688633890.173724 write check file 2
1688633890.173903 peer 0x564b2a7db230 message 304
1688633890.173908 write 58 to file 2
1688633890.173913 peer 0x564b2a7db230 message 203
1688633890.173927 file 2 58 bytes left
1688633890.174380 write check file 2
1688633890.174386 client loop exit
