1688633881.222126 client started (27076): version 3.2a, socket /tmp/tmux-1000/default, protocol 8
1688633881.222153 on Linux 5.19.0-1025-aws #26~22.04.1-Ubuntu SMP Mon Apr 24 01:58:15 UTC 2023
1688633881.222166 using libevent 2.1.12-stable (poll); ncurses 6.3
1688633881.222183 flags are 0x18010000
1688633881.222189 socket is /tmp/tmux-1000/default
1688633881.222201 trying connect
1688633881.222217 connect failed: No such file or directory
1688633881.222228 lock file is /tmp/tmux-1000/default.lock
1688633881.222250 flock succeeded
1688633881.222254 got lock (6)
1688633881.222261 trying connect
1688633881.222268 connect failed: No such file or directory
1688633881.222482 add peer 0x562f7ee58380: 7 ((nil))
1688633881.222891 sending message 100 to peer 0x562f7ee58380 (4 bytes)
1688633881.222902 sending message 111 to peer 0x562f7ee58380 (8 bytes)
1688633881.222906 sending message 101 to peer 0x562f7ee58380 (6 bytes)
1688633881.222910 sending message 109 to peer 0x562f7ee58380 (4 bytes)
1688633881.222914 sending message 102 to peer 0x562f7ee58380 (11 bytes)
1688633881.222918 sending message 108 to peer 0x562f7ee58380 (41 bytes)
1688633881.222922 sending message 112 to peer 0x562f7ee58380 (58 bytes)
1688633881.222926 sending message 112 to peer 0x562f7ee58380 (5 bytes)
1688633881.222930 sending message 112 to peer 0x562f7ee58380 (5 bytes)
1688633881.222934 sending message 112 to peer 0x562f7ee58380 (6 bytes)
1688633881.222938 sending message 112 to peer 0x562f7ee58380 (6 bytes)
1688633881.222942 sending message 112 to peer 0x562f7ee58380 (11 bytes)
1688633881.222946 sending message 112 to peer 0x562f7ee58380 (10 bytes)
1688633881.222949 sending message 112 to peer 0x562f7ee58380 (13 bytes)
1688633881.222953 sending message 112 to peer 0x562f7ee58380 (14 bytes)
1688633881.222957 sending message 112 to peer 0x562f7ee58380 (19 bytes)
1688633881.222961 sending message 112 to peer 0x562f7ee58380 (9 bytes)
1688633881.222964 sending message 112 to peer 0x562f7ee58380 (10 bytes)
1688633881.222968 sending message 112 to peer 0x562f7ee58380 (15 bytes)
1688633881.222972 sending message 112 to peer 0x562f7ee58380 (21 bytes)
1688633881.222976 sending message 112 to peer 0x562f7ee58380 (13 bytes)
1688633881.222980 sending message 112 to peer 0x562f7ee58380 (7 bytes)
1688633881.222984 sending message 112 to peer 0x562f7ee58380 (13 bytes)
1688633881.222988 sending message 112 to peer 0x562f7ee58380 (7 bytes)
1688633881.222992 sending message 112 to peer 0x562f7ee58380 (13 bytes)
1688633881.222995 sending message 112 to peer 0x562f7ee58380 (9 bytes)
1688633881.222999 sending message 112 to peer 0x562f7ee58380 (21 bytes)
1688633881.223003 sending message 112 to peer 0x562f7ee58380 (13 bytes)
1688633881.223007 sending message 112 to peer 0x562f7ee58380 (9 bytes)
1688633881.223011 sending message 112 to peer 0x562f7ee58380 (16 bytes)
1688633881.223015 sending message 112 to peer 0x562f7ee58380 (13 bytes)
1688633881.223018 sending message 112 to peer 0x562f7ee58380 (9 bytes)
1688633881.223022 sending message 112 to peer 0x562f7ee58380 (9 bytes)
1688633881.223026 sending message 112 to peer 0x562f7ee58380 (12 bytes)
1688633881.223030 sending message 112 to peer 0x562f7ee58380 (8 bytes)
1688633881.223033 sending message 112 to peer 0x562f7ee58380 (8 bytes)
1688633881.223037 sending message 112 to peer 0x562f7ee58380 (13 bytes)
1688633881.223041 sending message 112 to peer 0x562f7ee58380 (7 bytes)
1688633881.223045 sending message 112 to peer 0x562f7ee58380 (7 bytes)
1688633881.223049 sending message 112 to peer 0x562f7ee58380 (9 bytes)
1688633881.223052 sending message 112 to peer 0x562f7ee58380 (9 bytes)
1688633881.223056 sending message 112 to peer 0x562f7ee58380 (15 bytes)
1688633881.223060 sending message 112 to peer 0x562f7ee58380 (13 bytes)
1688633881.223064 sending message 112 to peer 0x562f7ee58380 (12 bytes)
1688633881.223068 sending message 112 to peer 0x562f7ee58380 (8 bytes)
1688633881.223072 sending message 112 to peer 0x562f7ee58380 (14 bytes)
1688633881.223076 sending message 112 to peer 0x562f7ee58380 (11 bytes)
1688633881.223080 sending message 112 to peer 0x562f7ee58380 (9 bytes)
1688633881.223090 sending message 112 to peer 0x562f7ee58380 (10 bytes)
1688633881.223094 sending message 112 to peer 0x562f7ee58380 (10 bytes)
1688633881.223098 sending message 112 to peer 0x562f7ee58380 (10 bytes)
1688633881.223102 sending message 112 to peer 0x562f7ee58380 (10 bytes)
1688633881.223106 sending message 112 to peer 0x562f7ee58380 (11 bytes)
1688633881.223110 sending message 112 to peer 0x562f7ee58380 (12 bytes)
1688633881.223113 sending message 112 to peer 0x562f7ee58380 (12 bytes)
1688633881.223117 sending message 112 to peer 0x562f7ee58380 (12 bytes)
1688633881.223121 sending message 112 to peer 0x562f7ee58380 (12 bytes)
1688633881.223125 sending message 112 to peer 0x562f7ee58380 (12 bytes)
1688633881.223129 sending message 112 to peer 0x562f7ee58380 (11 bytes)
1688633881.223132 sending message 112 to peer 0x562f7ee58380 (11 bytes)
1688633881.223136 sending message 112 to peer 0x562f7ee58380 (12 bytes)
1688633881.223140 sending message 112 to peer 0x562f7ee58380 (12 bytes)
1688633881.223144 sending message 112 to peer 0x562f7ee58380 (12 bytes)
1688633881.223147 sending message 112 to peer 0x562f7ee58380 (12 bytes)
1688633881.223151 sending message 112 to peer 0x562f7ee58380 (12 bytes)
1688633881.223155 sending message 112 to peer 0x562f7ee58380 (9 bytes)
1688633881.223159 sending message 112 to peer 0x562f7ee58380 (12 bytes)
1688633881.223163 sending message 112 to peer 0x562f7ee58380 (13 bytes)
1688633881.223166 sending message 112 to peer 0x562f7ee58380 (13 bytes)
1688633881.223170 sending message 112 to peer 0x562f7ee58380 (13 bytes)
1688633881.223174 sending message 112 to peer 0x562f7ee58380 (13 bytes)
1688633881.223178 sending message 112 to peer 0x562f7ee58380 (13 bytes)
1688633881.223182 sending message 112 to peer 0x562f7ee58380 (8 bytes)
1688633881.223186 sending message 112 to peer 0x562f7ee58380 (11 bytes)
1688633881.223189 sending message 112 to peer 0x562f7ee58380 (11 bytes)
1688633881.223193 sending message 112 to peer 0x562f7ee58380 (11 bytes)
1688633881.223197 sending message 112 to peer 0x562f7ee58380 (12 bytes)
1688633881.223201 sending message 112 to peer 0x562f7ee58380 (12 bytes)
1688633881.223205 sending message 112 to peer 0x562f7ee58380 (12 bytes)
1688633881.223208 sending message 112 to peer 0x562f7ee58380 (12 bytes)
1688633881.223212 sending message 112 to peer 0x562f7ee58380 (13 bytes)
1688633881.223216 sending message 112 to peer 0x562f7ee58380 (13 bytes)
1688633881.223220 sending message 112 to peer 0x562f7ee58380 (13 bytes)
1688633881.223224 sending message 112 to peer 0x562f7ee58380 (8 bytes)
1688633881.223227 sending message 112 to peer 0x562f7ee58380 (13 bytes)
1688633881.223231 sending message 112 to peer 0x562f7ee58380 (13 bytes)
1688633881.223235 sending message 112 to peer 0x562f7ee58380 (13 bytes)
1688633881.223239 sending message 112 to peer 0x562f7ee58380 (13 bytes)
1688633881.223243 sending message 112 to peer 0x562f7ee58380 (13 bytes)
1688633881.223246 sending message 112 to peer 0x562f7ee58380 (12 bytes)
1688633881.223250 sending message 112 to peer 0x562f7ee58380 (12 bytes)
1688633881.223254 sending message 112 to peer 0x562f7ee58380 (12 bytes)
1688633881.223258 sending message 112 to peer 0x562f7ee58380 (12 bytes)
1688633881.223262 sending message 112 to peer 0x562f7ee58380 (13 bytes)
1688633881.223265 sending message 112 to peer 0x562f7ee58380 (8 bytes)
1688633881.223269 sending message 112 to peer 0x562f7ee58380 (13 bytes)
1688633881.223273 sending message 112 to peer 0x562f7ee58380 (13 bytes)
1688633881.223277 sending message 112 to peer 0x562f7ee58380 (13 bytes)
1688633881.223281 sending message 112 to peer 0x562f7ee58380 (13 bytes)
1688633881.223284 sending message 112 to peer 0x562f7ee58380 (13 bytes)
1688633881.223288 sending message 112 to peer 0x562f7ee58380 (13 bytes)
1688633881.223292 sending message 112 to peer 0x562f7ee58380 (13 bytes)
1688633881.223296 sending message 112 to peer 0x562f7ee58380 (12 bytes)
1688633881.223300 sending message 112 to peer 0x562f7ee58380 (12 bytes)
1688633881.223304 sending message 112 to peer 0x562f7ee58380 (12 bytes)
1688633881.223311 sending message 112 to peer 0x562f7ee58380 (8 bytes)
1688633881.223315 sending message 112 to peer 0x562f7ee58380 (12 bytes)
1688633881.223319 sending message 112 to peer 0x562f7ee58380 (13 bytes)
1688633881.223323 sending message 112 to peer 0x562f7ee58380 (13 bytes)
1688633881.223326 sending message 112 to peer 0x562f7ee58380 (13 bytes)
1688633881.223330 sending message 112 to peer 0x562f7ee58380 (13 bytes)
1688633881.223334 sending message 112 to peer 0x562f7ee58380 (13 bytes)
1688633881.223338 sending message 112 to peer 0x562f7ee58380 (13 bytes)
1688633881.223342 sending message 112 to peer 0x562f7ee58380 (13 bytes)
1688633881.223345 sending message 112 to peer 0x562f7ee58380 (13 bytes)
1688633881.223349 sending message 112 to peer 0x562f7ee58380 (12 bytes)
1688633881.223353 sending message 112 to peer 0x562f7ee58380 (10 bytes)
1688633881.223357 sending message 112 to peer 0x562f7ee58380 (12 bytes)
1688633881.223361 sending message 112 to peer 0x562f7ee58380 (12 bytes)
1688633881.223364 sending message 112 to peer 0x562f7ee58380 (12 bytes)
1688633881.223368 sending message 112 to peer 0x562f7ee58380 (13 bytes)
1688633881.223372 sending message 112 to peer 0x562f7ee58380 (13 bytes)
1688633881.223376 sending message 112 to peer 0x562f7ee58380 (13 bytes)
1688633881.223379 sending message 112 to peer 0x562f7ee58380 (13 bytes)
1688633881.223383 sending message 112 to peer 0x562f7ee58380 (13 bytes)
1688633881.223387 sending message 112 to peer 0x562f7ee58380 (13 bytes)
1688633881.223391 sending message 112 to peer 0x562f7ee58380 (13 bytes)
1688633881.223395 sending message 112 to peer 0x562f7ee58380 (10 bytes)
1688633881.223398 sending message 112 to peer 0x562f7ee58380 (13 bytes)
1688633881.223402 sending message 112 to peer 0x562f7ee58380 (12 bytes)
1688633881.223406 sending message 112 to peer 0x562f7ee58380 (12 bytes)
1688633881.223410 sending message 112 to peer 0x562f7ee58380 (12 bytes)
1688633881.223413 sending message 112 to peer 0x562f7ee58380 (10 bytes)
1688633881.223417 sending message 112 to peer 0x562f7ee58380 (10 bytes)
1688633881.223421 sending message 112 to peer 0x562f7ee58380 (10 bytes)
1688633881.223425 sending message 112 to peer 0x562f7ee58380 (12 bytes)
1688633881.223429 sending message 112 to peer 0x562f7ee58380 (13 bytes)
1688633881.223432 sending message 112 to peer 0x562f7ee58380 (13 bytes)
1688633881.223436 sending message 112 to peer 0x562f7ee58380 (13 bytes)
1688633881.223440 sending message 112 to peer 0x562f7ee58380 (13 bytes)
1688633881.223444 sending message 112 to peer 0x562f7ee58380 (13 bytes)
1688633881.223448 sending message 112 to peer 0x562f7ee58380 (10 bytes)
1688633881.223452 sending message 112 to peer 0x562f7ee58380 (11 bytes)
1688633881.223455 sending message 112 to peer 0x562f7ee58380 (12 bytes)
1688633881.223459 sending message 112 to peer 0x562f7ee58380 (12 bytes)
1688633881.223463 sending message 112 to peer 0x562f7ee58380 (12 bytes)
1688633881.223467 sending message 112 to peer 0x562f7ee58380 (12 bytes)
1688633881.223471 sending message 112 to peer 0x562f7ee58380 (12 bytes)
1688633881.223474 sending message 112 to peer 0x562f7ee58380 (11 bytes)
1688633881.223478 sending message 112 to peer 0x562f7ee58380 (12 bytes)
1688633881.223482 sending message 112 to peer 0x562f7ee58380 (12 bytes)
1688633881.223486 sending message 112 to peer 0x562f7ee58380 (13 bytes)
1688633881.223490 sending message 112 to peer 0x562f7ee58380 (13 bytes)
1688633881.223494 sending message 112 to peer 0x562f7ee58380 (13 bytes)
1688633881.223497 sending message 112 to peer 0x562f7ee58380 (13 bytes)
1688633881.223501 sending message 112 to peer 0x562f7ee58380 (13 bytes)
1688633881.223505 sending message 112 to peer 0x562f7ee58380 (10 bytes)
1688633881.223509 sending message 112 to peer 0x562f7ee58380 (9 bytes)
1688633881.223512 sending message 112 to peer 0x562f7ee58380 (12 bytes)
1688633881.223516 sending message 112 to peer 0x562f7ee58380 (13 bytes)
1688633881.223520 sending message 112 to peer 0x562f7ee58380 (13 bytes)
1688633881.223524 sending message 112 to peer 0x562f7ee58380 (13 bytes)
1688633881.223531 sending message 112 to peer 0x562f7ee58380 (13 bytes)
1688633881.223535 sending message 112 to peer 0x562f7ee58380 (13 bytes)
1688633881.223538 sending message 112 to peer 0x562f7ee58380 (9 bytes)
1688633881.223542 sending message 112 to peer 0x562f7ee58380 (12 bytes)
1688633881.223546 sending message 112 to peer 0x562f7ee58380 (13 bytes)
1688633881.223550 sending message 112 to peer 0x562f7ee58380 (13 bytes)
1688633881.223553 sending message 112 to peer 0x562f7ee58380 (13 bytes)
1688633881.223557 sending message 112 to peer 0x562f7ee58380 (13 bytes)
1688633881.223561 sending message 112 to peer 0x562f7ee58380 (13 bytes)
1688633881.223564 sending message 112 to peer 0x562f7ee58380 (11 bytes)
1688633881.223568 sending message 112 to peer 0x562f7ee58380 (12 bytes)
1688633881.223572 sending message 112 to peer 0x562f7ee58380 (13 bytes)
1688633881.223576 sending message 112 to peer 0x562f7ee58380 (13 bytes)
1688633881.223579 sending message 112 to peer 0x562f7ee58380 (13 bytes)
1688633881.223583 sending message 112 to peer 0x562f7ee58380 (13 bytes)
1688633881.223587 sending message 112 to peer 0x562f7ee58380 (13 bytes)
1688633881.223590 sending message 112 to peer 0x562f7ee58380 (11 bytes)
1688633881.223594 sending message 112 to peer 0x562f7ee58380 (12 bytes)
1688633881.223598 sending message 112 to peer 0x562f7ee58380 (12 bytes)
1688633881.223602 sending message 112 to peer 0x562f7ee58380 (12 bytes)
1688633881.223609 sending message 112 to peer 0x562f7ee58380 (12 bytes)
1688633881.223613 sending message 112 to peer 0x562f7ee58380 (12 bytes)
1688633881.223617 sending message 112 to peer 0x562f7ee58380 (21 bytes)
1688633881.223620 sending message 112 to peer 0x562f7ee58380 (12 bytes)
1688633881.223624 sending message 112 to peer 0x562f7ee58380 (9 bytes)
1688633881.223628 sending message 112 to peer 0x562f7ee58380 (6 bytes)
1688633881.223631 sending message 112 to peer 0x562f7ee58380 (13 bytes)
1688633881.223635 sending message 112 to peer 0x562f7ee58380 (10 bytes)
1688633881.223639 sending message 112 to peer 0x562f7ee58380 (24 bytes)
1688633881.223643 sending message 112 to peer 0x562f7ee58380 (13 bytes)
1688633881.223646 sending message 112 to peer 0x562f7ee58380 (9 bytes)
1688633881.223650 sending message 112 to peer 0x562f7ee58380 (16 bytes)
1688633881.223654 sending message 112 to peer 0x562f7ee58380 (16 bytes)
1688633881.223657 sending message 112 to peer 0x562f7ee58380 (12 bytes)
1688633881.223661 sending message 112 to peer 0x562f7ee58380 (10 bytes)
1688633881.223665 sending message 112 to peer 0x562f7ee58380 (10 bytes)
1688633881.223671 sending message 112 to peer 0x562f7ee58380 (24 bytes)
1688633881.223674 sending message 112 to peer 0x562f7ee58380 (13 bytes)
1688633881.223678 sending message 112 to peer 0x562f7ee58380 (10 bytes)
1688633881.223682 sending message 112 to peer 0x562f7ee58380 (10 bytes)
1688633881.223686 sending message 112 to peer 0x562f7ee58380 (10 bytes)
1688633881.223689 sending message 112 to peer 0x562f7ee58380 (13 bytes)
1688633881.223693 sending message 112 to peer 0x562f7ee58380 (15 bytes)
1688633881.223697 sending message 112 to peer 0x562f7ee58380 (5 bytes)
1688633881.223701 sending message 104 to peer 0x562f7ee58380 (0 bytes)
1688633881.223706 sending message 110 to peer 0x562f7ee58380 (0 bytes)
1688633881.223710 sending message 107 to peer 0x562f7ee58380 (4 bytes)
1688633881.223714 sending message 105 to peer 0x562f7ee58380 (16 bytes)
1688633881.223718 sending message 105 to peer 0x562f7ee58380 (45 bytes)
1688633881.223722 sending message 105 to peer 0x562f7ee58380 (15 bytes)
1688633881.223725 sending message 105 to peer 0x562f7ee58380 (21 bytes)
1688633881.223729 sending message 105 to peer 0x562f7ee58380 (15 bytes)
1688633881.223735 sending message 105 to peer 0x562f7ee58380 (18 bytes)
1688633881.223739 sending message 105 to peer 0x562f7ee58380 (13 bytes)
1688633881.223743 sending message 105 to peer 0x562f7ee58380 (1519 bytes)
1688633881.223758 sending message 105 to peer 0x562f7ee58380 (51 bytes)
1688633881.223763 sending message 105 to peer 0x562f7ee58380 (34 bytes)
1688633881.223770 sending message 105 to peer 0x562f7ee58380 (23 bytes)
1688633881.223774 sending message 105 to peer 0x562f7ee58380 (11 bytes)
1688633881.223778 sending message 105 to peer 0x562f7ee58380 (32 bytes)
1688633881.223782 sending message 105 to peer 0x562f7ee58380 (12 bytes)
1688633881.223786 sending message 105 to peer 0x562f7ee58380 (8 bytes)
1688633881.223789 sending message 105 to peer 0x562f7ee58380 (18 bytes)
1688633881.223793 sending message 105 to peer 0x562f7ee58380 (31 bytes)
1688633881.223797 sending message 105 to peer 0x562f7ee58380 (34 bytes)
1688633881.223801 sending message 105 to peer 0x562f7ee58380 (65 bytes)
1688633881.223805 sending message 105 to peer 0x562f7ee58380 (128 bytes)
1688633881.223809 sending message 105 to peer 0x562f7ee58380 (54 bytes)
1688633881.223812 sending message 105 to peer 0x562f7ee58380 (19 bytes)
1688633881.223816 sending message 105 to peer 0x562f7ee58380 (20 bytes)
1688633881.223820 sending message 105 to peer 0x562f7ee58380 (16 bytes)
1688633881.223824 sending message 106 to peer 0x562f7ee58380 (0 bytes)
1688633881.223831 sending message 200 to peer 0x562f7ee58380 (4 bytes)
1688633881.223835 client loop enter
1688633881.224114 client_signal: Child exited
1688633881.290678 peer 0x562f7ee58380 message 207
1688633881.290690 sending message 208 to peer 0x562f7ee58380 (0 bytes)
1688633913.462722 peer 0x562f7ee58380 message 201
1688633913.462733 sending message 205 to peer 0x562f7ee58380 (0 bytes)
1688633913.463433 peer 0x562f7ee58380 message 204
1688633913.463440 client loop exit
